<?xml version="1.0" encoding="UTF-8"?>
<!-- Generated by org.testng.reporters.JUnitReportReporter -->
<testsuite skipped="0" hostname="LAPTOP-UHFNO702" name="test.DragAndDropTest" tests="1" failures="0" timestamp="2020-12-23T20:36:13 EST" time="38.824" errors="0">
  <testcase name="userShouldBeAbleToDragACircleAndDropIt" time="38.824" classname="test.DragAndDropTest"/>
  <system-out/>
</testsuite> <!-- test.DragAndDropTest -->
