<?xml version="1.0" encoding="UTF-8"?>
<!-- Generated by org.testng.reporters.JUnitReportReporter -->
<testsuite skipped="0" hostname="LAPTOP-UHFNO702" name="test.AlarmTest" tests="1" failures="0" timestamp="2020-12-23T18:36:05 EST" time="14.973" errors="0">
  <testcase name="userShouldBeAbleToSetAlarm" time="14.973" classname="test.AlarmTest"/>
  <system-out/>
</testsuite> <!-- test.AlarmTest -->
