<?xml version="1.0" encoding="UTF-8"?>
<!-- Generated by org.testng.reporters.JUnitReportReporter -->
<testsuite skipped="0" hostname="LAPTOP-UHFNO702" name="util.util" tests="1" failures="0" timestamp="2020-11-14T20:05:51 EST" time="20.858" errors="0">
  <testcase name="init" time="20.858" classname="util.util"/>
  <system-out/>
</testsuite> <!-- util.util -->
